ARM GAS  C:\Users\ADMINI~1\AppData\Local\Temp\ccbreIIW.s 			page 1


   1              		.syntax unified
   2              		.cpu cortex-m0
   3              		.fpu softvfp
   4              		.eabi_attribute 20, 1
   5              		.eabi_attribute 21, 1
   6              		.eabi_attribute 23, 3
   7              		.eabi_attribute 24, 1
   8              		.eabi_attribute 25, 1
   9              		.eabi_attribute 26, 1
  10              		.eabi_attribute 30, 1
  11              		.eabi_attribute 34, 0
  12              		.eabi_attribute 18, 4
  13              		.thumb
  14              		.syntax unified
  15              		.file	"main.c"
  16              		.text
  17              	.Ltext0:
  18              		.cfi_sections	.debug_frame
  19              		.section	.text.GPIO_init,"ax",%progbits
  20              		.align	2
  21              		.global	GPIO_init
  22              		.code	16
  23              		.thumb_func
  24              		.type	GPIO_init, %function
  25              	GPIO_init:
  26              	.LFB36:
  27              		.file 1 "main.c"
   1:main.c        **** /* ========================================
   2:main.c        ****  *
   3:main.c        ****  * Copyright YOUR COMPANY, THE YEAR
   4:main.c        ****  * All Rights Reserved
   5:main.c        ****  * UNPUBLISHED, LICENSED SOFTWARE.
   6:main.c        ****  *
   7:main.c        ****  * CONFIDENTIAL AND PROPRIETARY INFORMATION
   8:main.c        ****  * WHICH IS THE PROPERTY OF your company.
   9:main.c        ****  *
  10:main.c        ****  * ========================================
  11:main.c        **** */
  12:main.c        **** 
  13:main.c        **** /////Test_project////
  14:main.c        **** #include "project.h"
  15:main.c        **** 
  16:main.c        **** void GPIO_init(void);
  17:main.c        **** 
  18:main.c        **** int main(void)
  19:main.c        **** {
  20:main.c        ****     GPIO_init();
  21:main.c        **** 
  22:main.c        ****     for(;;)
  23:main.c        ****     {
  24:main.c        ****       CY_SET_REG32((void *)(CYREG_GPIO_PRT2_DR), 0x00000000u);
  25:main.c        **** 	  CyDelay(200);
  26:main.c        **** 	  CY_SET_REG32((void *)(CYREG_GPIO_PRT2_DR), 0x00000040u);
  27:main.c        **** 	  CyDelay(200);
  28:main.c        **** 		
  29:main.c        ****     }
  30:main.c        **** }
ARM GAS  C:\Users\ADMINI~1\AppData\Local\Temp\ccbreIIW.s 			page 2


  31:main.c        **** 
  32:main.c        **** void GPIO_init(void)
  33:main.c        **** {	
  28              		.loc 1 33 0
  29              		.cfi_startproc
  30              		@ args = 0, pretend = 0, frame = 0
  31              		@ frame_needed = 0, uses_anonymous_args = 0
  32              		@ link register save eliminated.
  34:main.c        **** 	//设置GPIO的模式 P2.6/输出模式增强驱动模式/FAST/COMS
  35:main.c        **** 	CY_SET_REG32((void *)(CYREG_GPIO_PRT2_PC), 0x021C0000u);
  33              		.loc 1 35 0
  34 0000 8722     		movs	r2, #135
  35 0002 9204     		lsls	r2, r2, #18
  36 0004 024B     		ldr	r3, .L2
  37 0006 1A60     		str	r2, [r3]
  36:main.c        **** 	//设置GPIO的值
  37:main.c        **** 	CY_SET_REG32((void *)(CYREG_GPIO_PRT2_DR), 0x00000040u);
  38              		.loc 1 37 0
  39 0008 4022     		movs	r2, #64
  40 000a 024B     		ldr	r3, .L2+4
  41 000c 1A60     		str	r2, [r3]
  38:main.c        ****  }
  42              		.loc 1 38 0
  43              		@ sp needed
  44 000e 7047     		bx	lr
  45              	.L3:
  46              		.align	2
  47              	.L2:
  48 0010 08020440 		.word	1074004488
  49 0014 00020440 		.word	1074004480
  50              		.cfi_endproc
  51              	.LFE36:
  52              		.size	GPIO_init, .-GPIO_init
  53              		.section	.text.main,"ax",%progbits
  54              		.align	2
  55              		.global	main
  56              		.code	16
  57              		.thumb_func
  58              		.type	main, %function
  59              	main:
  60              	.LFB35:
  19:main.c        ****     GPIO_init();
  61              		.loc 1 19 0
  62              		.cfi_startproc
  63              		@ Volatile: function does not return.
  64              		@ args = 0, pretend = 0, frame = 0
  65              		@ frame_needed = 0, uses_anonymous_args = 0
  66 0000 10B5     		push	{r4, lr}
  67              		.cfi_def_cfa_offset 8
  68              		.cfi_offset 4, -8
  69              		.cfi_offset 14, -4
  20:main.c        **** 
  70              		.loc 1 20 0
  71 0002 FFF7FEFF 		bl	GPIO_init
  72              	.LVL0:
  73              	.L5:
  24:main.c        **** 	  CyDelay(200);
ARM GAS  C:\Users\ADMINI~1\AppData\Local\Temp\ccbreIIW.s 			page 3


  74              		.loc 1 24 0 discriminator 1
  75 0006 064C     		ldr	r4, .L6
  76 0008 0023     		movs	r3, #0
  77 000a 2360     		str	r3, [r4]
  25:main.c        **** 	  CY_SET_REG32((void *)(CYREG_GPIO_PRT2_DR), 0x00000040u);
  78              		.loc 1 25 0 discriminator 1
  79 000c C820     		movs	r0, #200
  80 000e FFF7FEFF 		bl	CyDelay
  81              	.LVL1:
  26:main.c        **** 	  CyDelay(200);
  82              		.loc 1 26 0 discriminator 1
  83 0012 4023     		movs	r3, #64
  84 0014 2360     		str	r3, [r4]
  27:main.c        **** 		
  85              		.loc 1 27 0 discriminator 1
  86 0016 C820     		movs	r0, #200
  87 0018 FFF7FEFF 		bl	CyDelay
  88              	.LVL2:
  89 001c F3E7     		b	.L5
  90              	.L7:
  91 001e C046     		.align	2
  92              	.L6:
  93 0020 00020440 		.word	1074004480
  94              		.cfi_endproc
  95              	.LFE35:
  96              		.size	main, .-main
  97              		.text
  98              	.Letext0:
  99              		.file 2 "Generated_Source\\PSoC4/cytypes.h"
 100              		.file 3 "Generated_Source\\PSoC4/CyLib.h"
 101              		.section	.debug_info,"",%progbits
 102              	.Ldebug_info0:
 103 0000 0B010000 		.4byte	0x10b
 104 0004 0400     		.2byte	0x4
 105 0006 00000000 		.4byte	.Ldebug_abbrev0
 106 000a 04       		.byte	0x4
 107 000b 01       		.uleb128 0x1
 108 000c E2000000 		.4byte	.LASF16
 109 0010 0C       		.byte	0xc
 110 0011 22000000 		.4byte	.LASF17
 111 0015 81000000 		.4byte	.LASF18
 112 0019 00000000 		.4byte	.Ldebug_ranges0+0
 113 001d 00000000 		.4byte	0
 114 0021 00000000 		.4byte	.Ldebug_line0
 115 0025 02       		.uleb128 0x2
 116 0026 01       		.byte	0x1
 117 0027 06       		.byte	0x6
 118 0028 83010000 		.4byte	.LASF0
 119 002c 02       		.uleb128 0x2
 120 002d 01       		.byte	0x1
 121 002e 08       		.byte	0x8
 122 002f 65000000 		.4byte	.LASF1
 123 0033 02       		.uleb128 0x2
 124 0034 02       		.byte	0x2
 125 0035 05       		.byte	0x5
 126 0036 9B010000 		.4byte	.LASF2
 127 003a 02       		.uleb128 0x2
ARM GAS  C:\Users\ADMINI~1\AppData\Local\Temp\ccbreIIW.s 			page 4


 128 003b 02       		.byte	0x2
 129 003c 07       		.byte	0x7
 130 003d 70010000 		.4byte	.LASF3
 131 0041 02       		.uleb128 0x2
 132 0042 04       		.byte	0x4
 133 0043 05       		.byte	0x5
 134 0044 78000000 		.4byte	.LASF4
 135 0048 02       		.uleb128 0x2
 136 0049 04       		.byte	0x4
 137 004a 07       		.byte	0x7
 138 004b 36000000 		.4byte	.LASF5
 139 004f 02       		.uleb128 0x2
 140 0050 08       		.byte	0x8
 141 0051 05       		.byte	0x5
 142 0052 00000000 		.4byte	.LASF6
 143 0056 02       		.uleb128 0x2
 144 0057 08       		.byte	0x8
 145 0058 07       		.byte	0x7
 146 0059 48000000 		.4byte	.LASF7
 147 005d 03       		.uleb128 0x3
 148 005e 04       		.byte	0x4
 149 005f 05       		.byte	0x5
 150 0060 696E7400 		.ascii	"int\000"
 151 0064 02       		.uleb128 0x2
 152 0065 04       		.byte	0x4
 153 0066 07       		.byte	0x7
 154 0067 15000000 		.4byte	.LASF8
 155 006b 04       		.uleb128 0x4
 156 006c 0E000000 		.4byte	.LASF12
 157 0070 02       		.byte	0x2
 158 0071 D401     		.2byte	0x1d4
 159 0073 48000000 		.4byte	0x48
 160 0077 02       		.uleb128 0x2
 161 0078 04       		.byte	0x4
 162 0079 04       		.byte	0x4
 163 007a 5F000000 		.4byte	.LASF9
 164 007e 02       		.uleb128 0x2
 165 007f 08       		.byte	0x8
 166 0080 04       		.byte	0x4
 167 0081 D5000000 		.4byte	.LASF10
 168 0085 02       		.uleb128 0x2
 169 0086 01       		.byte	0x1
 170 0087 08       		.byte	0x8
 171 0088 73000000 		.4byte	.LASF11
 172 008c 04       		.uleb128 0x4
 173 008d DC000000 		.4byte	.LASF13
 174 0091 02       		.byte	0x2
 175 0092 7E02     		.2byte	0x27e
 176 0094 98000000 		.4byte	0x98
 177 0098 05       		.uleb128 0x5
 178 0099 6B000000 		.4byte	0x6b
 179 009d 02       		.uleb128 0x2
 180 009e 04       		.byte	0x4
 181 009f 07       		.byte	0x7
 182 00a0 A5010000 		.4byte	.LASF14
 183 00a4 02       		.uleb128 0x2
 184 00a5 08       		.byte	0x8
ARM GAS  C:\Users\ADMINI~1\AppData\Local\Temp\ccbreIIW.s 			page 5


 185 00a6 04       		.byte	0x4
 186 00a7 8F010000 		.4byte	.LASF15
 187 00ab 06       		.uleb128 0x6
 188 00ac AE010000 		.4byte	.LASF19
 189 00b0 01       		.byte	0x1
 190 00b1 20       		.byte	0x20
 191 00b2 00000000 		.4byte	.LFB36
 192 00b6 18000000 		.4byte	.LFE36-.LFB36
 193 00ba 01       		.uleb128 0x1
 194 00bb 9C       		.byte	0x9c
 195 00bc 07       		.uleb128 0x7
 196 00bd 29000000 		.4byte	.LASF20
 197 00c1 01       		.byte	0x1
 198 00c2 12       		.byte	0x12
 199 00c3 5D000000 		.4byte	0x5d
 200 00c7 00000000 		.4byte	.LFB35
 201 00cb 24000000 		.4byte	.LFE35-.LFB35
 202 00cf 01       		.uleb128 0x1
 203 00d0 9C       		.byte	0x9c
 204 00d1 03010000 		.4byte	0x103
 205 00d5 08       		.uleb128 0x8
 206 00d6 06000000 		.4byte	.LVL0
 207 00da AB000000 		.4byte	0xab
 208 00de 09       		.uleb128 0x9
 209 00df 12000000 		.4byte	.LVL1
 210 00e3 03010000 		.4byte	0x103
 211 00e7 F2000000 		.4byte	0xf2
 212 00eb 0A       		.uleb128 0xa
 213 00ec 01       		.uleb128 0x1
 214 00ed 50       		.byte	0x50
 215 00ee 02       		.uleb128 0x2
 216 00ef 08       		.byte	0x8
 217 00f0 C8       		.byte	0xc8
 218 00f1 00       		.byte	0
 219 00f2 0B       		.uleb128 0xb
 220 00f3 1C000000 		.4byte	.LVL2
 221 00f7 03010000 		.4byte	0x103
 222 00fb 0A       		.uleb128 0xa
 223 00fc 01       		.uleb128 0x1
 224 00fd 50       		.byte	0x50
 225 00fe 02       		.uleb128 0x2
 226 00ff 08       		.byte	0x8
 227 0100 C8       		.byte	0xc8
 228 0101 00       		.byte	0
 229 0102 00       		.byte	0
 230 0103 0C       		.uleb128 0xc
 231 0104 2E000000 		.4byte	.LASF21
 232 0108 2E000000 		.4byte	.LASF21
 233 010c 03       		.byte	0x3
 234 010d D9       		.byte	0xd9
 235 010e 00       		.byte	0
 236              		.section	.debug_abbrev,"",%progbits
 237              	.Ldebug_abbrev0:
 238 0000 01       		.uleb128 0x1
 239 0001 11       		.uleb128 0x11
 240 0002 01       		.byte	0x1
 241 0003 25       		.uleb128 0x25
ARM GAS  C:\Users\ADMINI~1\AppData\Local\Temp\ccbreIIW.s 			page 6


 242 0004 0E       		.uleb128 0xe
 243 0005 13       		.uleb128 0x13
 244 0006 0B       		.uleb128 0xb
 245 0007 03       		.uleb128 0x3
 246 0008 0E       		.uleb128 0xe
 247 0009 1B       		.uleb128 0x1b
 248 000a 0E       		.uleb128 0xe
 249 000b 55       		.uleb128 0x55
 250 000c 17       		.uleb128 0x17
 251 000d 11       		.uleb128 0x11
 252 000e 01       		.uleb128 0x1
 253 000f 10       		.uleb128 0x10
 254 0010 17       		.uleb128 0x17
 255 0011 00       		.byte	0
 256 0012 00       		.byte	0
 257 0013 02       		.uleb128 0x2
 258 0014 24       		.uleb128 0x24
 259 0015 00       		.byte	0
 260 0016 0B       		.uleb128 0xb
 261 0017 0B       		.uleb128 0xb
 262 0018 3E       		.uleb128 0x3e
 263 0019 0B       		.uleb128 0xb
 264 001a 03       		.uleb128 0x3
 265 001b 0E       		.uleb128 0xe
 266 001c 00       		.byte	0
 267 001d 00       		.byte	0
 268 001e 03       		.uleb128 0x3
 269 001f 24       		.uleb128 0x24
 270 0020 00       		.byte	0
 271 0021 0B       		.uleb128 0xb
 272 0022 0B       		.uleb128 0xb
 273 0023 3E       		.uleb128 0x3e
 274 0024 0B       		.uleb128 0xb
 275 0025 03       		.uleb128 0x3
 276 0026 08       		.uleb128 0x8
 277 0027 00       		.byte	0
 278 0028 00       		.byte	0
 279 0029 04       		.uleb128 0x4
 280 002a 16       		.uleb128 0x16
 281 002b 00       		.byte	0
 282 002c 03       		.uleb128 0x3
 283 002d 0E       		.uleb128 0xe
 284 002e 3A       		.uleb128 0x3a
 285 002f 0B       		.uleb128 0xb
 286 0030 3B       		.uleb128 0x3b
 287 0031 05       		.uleb128 0x5
 288 0032 49       		.uleb128 0x49
 289 0033 13       		.uleb128 0x13
 290 0034 00       		.byte	0
 291 0035 00       		.byte	0
 292 0036 05       		.uleb128 0x5
 293 0037 35       		.uleb128 0x35
 294 0038 00       		.byte	0
 295 0039 49       		.uleb128 0x49
 296 003a 13       		.uleb128 0x13
 297 003b 00       		.byte	0
 298 003c 00       		.byte	0
ARM GAS  C:\Users\ADMINI~1\AppData\Local\Temp\ccbreIIW.s 			page 7


 299 003d 06       		.uleb128 0x6
 300 003e 2E       		.uleb128 0x2e
 301 003f 00       		.byte	0
 302 0040 3F       		.uleb128 0x3f
 303 0041 19       		.uleb128 0x19
 304 0042 03       		.uleb128 0x3
 305 0043 0E       		.uleb128 0xe
 306 0044 3A       		.uleb128 0x3a
 307 0045 0B       		.uleb128 0xb
 308 0046 3B       		.uleb128 0x3b
 309 0047 0B       		.uleb128 0xb
 310 0048 27       		.uleb128 0x27
 311 0049 19       		.uleb128 0x19
 312 004a 11       		.uleb128 0x11
 313 004b 01       		.uleb128 0x1
 314 004c 12       		.uleb128 0x12
 315 004d 06       		.uleb128 0x6
 316 004e 40       		.uleb128 0x40
 317 004f 18       		.uleb128 0x18
 318 0050 9742     		.uleb128 0x2117
 319 0052 19       		.uleb128 0x19
 320 0053 00       		.byte	0
 321 0054 00       		.byte	0
 322 0055 07       		.uleb128 0x7
 323 0056 2E       		.uleb128 0x2e
 324 0057 01       		.byte	0x1
 325 0058 3F       		.uleb128 0x3f
 326 0059 19       		.uleb128 0x19
 327 005a 03       		.uleb128 0x3
 328 005b 0E       		.uleb128 0xe
 329 005c 3A       		.uleb128 0x3a
 330 005d 0B       		.uleb128 0xb
 331 005e 3B       		.uleb128 0x3b
 332 005f 0B       		.uleb128 0xb
 333 0060 27       		.uleb128 0x27
 334 0061 19       		.uleb128 0x19
 335 0062 49       		.uleb128 0x49
 336 0063 13       		.uleb128 0x13
 337 0064 8701     		.uleb128 0x87
 338 0066 19       		.uleb128 0x19
 339 0067 11       		.uleb128 0x11
 340 0068 01       		.uleb128 0x1
 341 0069 12       		.uleb128 0x12
 342 006a 06       		.uleb128 0x6
 343 006b 40       		.uleb128 0x40
 344 006c 18       		.uleb128 0x18
 345 006d 9742     		.uleb128 0x2117
 346 006f 19       		.uleb128 0x19
 347 0070 01       		.uleb128 0x1
 348 0071 13       		.uleb128 0x13
 349 0072 00       		.byte	0
 350 0073 00       		.byte	0
 351 0074 08       		.uleb128 0x8
 352 0075 898201   		.uleb128 0x4109
 353 0078 00       		.byte	0
 354 0079 11       		.uleb128 0x11
 355 007a 01       		.uleb128 0x1
ARM GAS  C:\Users\ADMINI~1\AppData\Local\Temp\ccbreIIW.s 			page 8


 356 007b 31       		.uleb128 0x31
 357 007c 13       		.uleb128 0x13
 358 007d 00       		.byte	0
 359 007e 00       		.byte	0
 360 007f 09       		.uleb128 0x9
 361 0080 898201   		.uleb128 0x4109
 362 0083 01       		.byte	0x1
 363 0084 11       		.uleb128 0x11
 364 0085 01       		.uleb128 0x1
 365 0086 31       		.uleb128 0x31
 366 0087 13       		.uleb128 0x13
 367 0088 01       		.uleb128 0x1
 368 0089 13       		.uleb128 0x13
 369 008a 00       		.byte	0
 370 008b 00       		.byte	0
 371 008c 0A       		.uleb128 0xa
 372 008d 8A8201   		.uleb128 0x410a
 373 0090 00       		.byte	0
 374 0091 02       		.uleb128 0x2
 375 0092 18       		.uleb128 0x18
 376 0093 9142     		.uleb128 0x2111
 377 0095 18       		.uleb128 0x18
 378 0096 00       		.byte	0
 379 0097 00       		.byte	0
 380 0098 0B       		.uleb128 0xb
 381 0099 898201   		.uleb128 0x4109
 382 009c 01       		.byte	0x1
 383 009d 11       		.uleb128 0x11
 384 009e 01       		.uleb128 0x1
 385 009f 31       		.uleb128 0x31
 386 00a0 13       		.uleb128 0x13
 387 00a1 00       		.byte	0
 388 00a2 00       		.byte	0
 389 00a3 0C       		.uleb128 0xc
 390 00a4 2E       		.uleb128 0x2e
 391 00a5 00       		.byte	0
 392 00a6 3F       		.uleb128 0x3f
 393 00a7 19       		.uleb128 0x19
 394 00a8 3C       		.uleb128 0x3c
 395 00a9 19       		.uleb128 0x19
 396 00aa 6E       		.uleb128 0x6e
 397 00ab 0E       		.uleb128 0xe
 398 00ac 03       		.uleb128 0x3
 399 00ad 0E       		.uleb128 0xe
 400 00ae 3A       		.uleb128 0x3a
 401 00af 0B       		.uleb128 0xb
 402 00b0 3B       		.uleb128 0x3b
 403 00b1 0B       		.uleb128 0xb
 404 00b2 00       		.byte	0
 405 00b3 00       		.byte	0
 406 00b4 00       		.byte	0
 407              		.section	.debug_aranges,"",%progbits
 408 0000 24000000 		.4byte	0x24
 409 0004 0200     		.2byte	0x2
 410 0006 00000000 		.4byte	.Ldebug_info0
 411 000a 04       		.byte	0x4
 412 000b 00       		.byte	0
ARM GAS  C:\Users\ADMINI~1\AppData\Local\Temp\ccbreIIW.s 			page 9


 413 000c 0000     		.2byte	0
 414 000e 0000     		.2byte	0
 415 0010 00000000 		.4byte	.LFB36
 416 0014 18000000 		.4byte	.LFE36-.LFB36
 417 0018 00000000 		.4byte	.LFB35
 418 001c 24000000 		.4byte	.LFE35-.LFB35
 419 0020 00000000 		.4byte	0
 420 0024 00000000 		.4byte	0
 421              		.section	.debug_ranges,"",%progbits
 422              	.Ldebug_ranges0:
 423 0000 00000000 		.4byte	.LFB36
 424 0004 18000000 		.4byte	.LFE36
 425 0008 00000000 		.4byte	.LFB35
 426 000c 24000000 		.4byte	.LFE35
 427 0010 00000000 		.4byte	0
 428 0014 00000000 		.4byte	0
 429              		.section	.debug_line,"",%progbits
 430              	.Ldebug_line0:
 431 0000 88000000 		.section	.debug_str,"MS",%progbits,1
 431      02004C00 
 431      00000201 
 431      FB0E0D00 
 431      01010101 
 432              	.LASF6:
 433 0000 6C6F6E67 		.ascii	"long long int\000"
 433      206C6F6E 
 433      6720696E 
 433      7400
 434              	.LASF12:
 435 000e 75696E74 		.ascii	"uint32\000"
 435      333200
 436              	.LASF8:
 437 0015 756E7369 		.ascii	"unsigned int\000"
 437      676E6564 
 437      20696E74 
 437      00
 438              	.LASF17:
 439 0022 6D61696E 		.ascii	"main.c\000"
 439      2E6300
 440              	.LASF20:
 441 0029 6D61696E 		.ascii	"main\000"
 441      00
 442              	.LASF21:
 443 002e 43794465 		.ascii	"CyDelay\000"
 443      6C617900 
 444              	.LASF5:
 445 0036 6C6F6E67 		.ascii	"long unsigned int\000"
 445      20756E73 
 445      69676E65 
 445      6420696E 
 445      7400
 446              	.LASF7:
 447 0048 6C6F6E67 		.ascii	"long long unsigned int\000"
 447      206C6F6E 
 447      6720756E 
 447      7369676E 
 447      65642069 
ARM GAS  C:\Users\ADMINI~1\AppData\Local\Temp\ccbreIIW.s 			page 10


 448              	.LASF9:
 449 005f 666C6F61 		.ascii	"float\000"
 449      7400
 450              	.LASF1:
 451 0065 756E7369 		.ascii	"unsigned char\000"
 451      676E6564 
 451      20636861 
 451      7200
 452              	.LASF11:
 453 0073 63686172 		.ascii	"char\000"
 453      00
 454              	.LASF4:
 455 0078 6C6F6E67 		.ascii	"long int\000"
 455      20696E74 
 455      00
 456              	.LASF18:
 457 0081 433A5C55 		.ascii	"C:\\Users\\Administrator\\Desktop\\LED_Register\\LE"
 457      73657273 
 457      5C41646D 
 457      696E6973 
 457      74726174 
 458 00af 445F5265 		.ascii	"D_Register\\LED_Register_Project.cydsn\000"
 458      67697374 
 458      65725C4C 
 458      45445F52 
 458      65676973 
 459              	.LASF10:
 460 00d5 646F7562 		.ascii	"double\000"
 460      6C6500
 461              	.LASF13:
 462 00dc 72656733 		.ascii	"reg32\000"
 462      3200
 463              	.LASF16:
 464 00e2 474E5520 		.ascii	"GNU C11 5.4.1 20160609 (release) [ARM/embedded-5-br"
 464      43313120 
 464      352E342E 
 464      31203230 
 464      31363036 
 465 0115 616E6368 		.ascii	"anch revision 237715] -mcpu=cortex-m0 -mthumb -g -O"
 465      20726576 
 465      6973696F 
 465      6E203233 
 465      37373135 
 466 0148 67202D66 		.ascii	"g -ffunction-sections -ffat-lto-objects\000"
 466      66756E63 
 466      74696F6E 
 466      2D736563 
 466      74696F6E 
 467              	.LASF3:
 468 0170 73686F72 		.ascii	"short unsigned int\000"
 468      7420756E 
 468      7369676E 
 468      65642069 
 468      6E7400
 469              	.LASF0:
 470 0183 7369676E 		.ascii	"signed char\000"
 470      65642063 
ARM GAS  C:\Users\ADMINI~1\AppData\Local\Temp\ccbreIIW.s 			page 11


 470      68617200 
 471              	.LASF15:
 472 018f 6C6F6E67 		.ascii	"long double\000"
 472      20646F75 
 472      626C6500 
 473              	.LASF2:
 474 019b 73686F72 		.ascii	"short int\000"
 474      7420696E 
 474      7400
 475              	.LASF14:
 476 01a5 73697A65 		.ascii	"sizetype\000"
 476      74797065 
 476      00
 477              	.LASF19:
 478 01ae 4750494F 		.ascii	"GPIO_init\000"
 478      5F696E69 
 478      7400
 479              		.ident	"GCC: (GNU Tools for ARM Embedded Processors) 5.4.1 20160609 (release) [ARM/embedded-5-bran
