#***************************************************************************

#sjplacer

#Version:            1.1

#Build Date:         Feb 27 2017 11:02:10

#File Generated:     Nov 26 2017 16:57:33

#Purpose:            

#Copyright (C) 2010-2011 by Softjin Technologies Pvt Ltd. All rights reserved.

#***************************************************************************

Executing : D:\Program Files (x86)\Cypress\PSoC Creator\4.1\PSoC Creator\bin/sjplacer.exe --proj-name LED_Register_Project --netlist-vh2 LED_Register_Project_p.vh2 --arch p4_udb2x2 --arch-file D:\Program Files (x86)\Cypress\PSoC Creator\4.1\PSoC Creator\dev\arch/udbdsi_2x2_04.cydata --ip-file D:\Program Files (x86)\Cypress\PSoC Creator\4.1\PSoC Creator\dev\psoc4/3/128k/ip_blocks.cydata --rrg-file D:\Program Files (x86)\Cypress\PSoC Creator\4.1\PSoC Creator\dev\psoc4/3/128k/route_arch-rrg.cydata --irq-file D:\Program Files (x86)\Cypress\PSoC Creator\4.1\PSoC Creator\dev\psoc4/3/irqconn.cydata --dsi-conn-file D:\Program Files (x86)\Cypress\PSoC Creator\4.1\PSoC Creator\dev\psoc4/3/dsiconn.cydata --pins-file pins_56-QFN.xml --lib-file LED_Register_Project_p.lib --sdc-file LED_Register_Project.sdc --io-pcf LED_Register_Project.pci --outdir .

		Softjin Techologies Placer, Version 1.1

Build Date : Feb 27 2017	11:00:30

D2004: Option and Settings Summary
=============================================================
Netlist vh2 file          - LED_Register_Project_p.vh2
Architecture file         - D:\Program Files (x86)\Cypress\PSoC Creator\4.1\PSoC Creator\dev\arch/udbdsi_2x2_04.cydata
Package                   - 
Defparam file             - 
SDC file                  - LED_Register_Project.sdc
Output directory          - .
Timing library            - LED_Register_Project_p.lib
IO Placement file         - LED_Register_Project.pci

D2050: Starting reading inputs for placer
=============================================================
D2065: Reading netlist file : "LED_Register_Project_p.vh2"
D2065: Reading arch file : "D:\Program Files (x86)\Cypress\PSoC Creator\4.1\PSoC Creator\dev\arch/udbdsi_2x2_04.cydata"
D2051: Reading of inputs for placer completed successfully

D2053: Starting placement of the design
=============================================================

Phase 2
Phase 3
I2659: No Constrained paths were found. The placer will run in non-timing driven mode.

Design Statistics after Packing
    Number of Combinational MCs 	:	0
    Number of Sequential MCs    	:	0
    Number of DPs               	:	0
    Number of Controls          	:	0
    Number of Status            	:	0
    Number of SyncCells         	:	0
    Number of count7cells       	:	0

Device Utilization Summary after Packing
    Macrocells                  :	0/32
    UDBS                        :	0/4
    IOs                         :	0/38


D2088: Phase 3, elapsed time : 0.0 (sec)

Phase 4
D2088: Phase 4, elapsed time : 0.0 (sec)

Phase 8
D2088: Phase 8, elapsed time : 0.0 (sec)

D2054: Placement of the design completed successfully

I2076: Total run-time: 0.3 sec.

